ika 0.55 startup
Built on Dec 20 2003
--------------------------
Initializing SDL
Initializing Video
Starting OpenGL video driver
Initializing Input
Initializing sound
Initing Python
Executing system.py
Loading map "maps/map50.ika-map"
Loading map "maps/map50.ika-map"
.\razormane.py:155: DeprecationWarning: integer argument expected, got float
  yield self.walkState(d, ika.Random(n / 2, n))
Loading map "maps/map30.ika-map"
Loading map "maps/map30.ika-map"
Loading map "maps/map02.ika-map"
Loading map "maps/map02.ika-map"
Loading map "maps/map02.ika-map"
Loading map "maps/map02.ika-map"
---- shutdown ----

