Loading      D:\DOS\IKA\WINTER - REBALANCE\BOULDER.IKA-SPRITE
Loading      D:\DOS\IKA\WINTER - REBALANCE\SERPENT.IKA-SPRITE
Loading      D:\DOS\IKA\WINTER - REBALANCE\REND.IKA-SPRITE
Loading      D:\DOS\IKA\WINTER - REBALANCE\CARNIVORE.IKA-SPRITE
Loading      D:\DOS\IKA\WINTER - REBALANCE\STRENGTHRUNE.IKA-SPRITE
Loading      D:\DOS\IKA\WINTER - REBALANCE\SAVEPOINT.IKA-SPRITE
Loading      D:\DOS\IKA\WINTER - REBALANCE\RAZORMANE.IKA-SPRITE
Loading      D:\DOS\IKA\WINTER - REBALANCE\KID1.IKA-SPRITE
Loading      D:\DOS\IKA\WINTER - REBALANCE\PROTAGONIST.IKA-SPRITE
Loading      D:\DOS\IKA\WINTER - REBALANCE\DRAGONPUP.IKA-SPRITE
Deallocating D:\DOS\IKA\WINTER - REBALANCE\BOULDER.IKA-SPRITE
Deallocating D:\DOS\IKA\WINTER - REBALANCE\SERPENT.IKA-SPRITE
Deallocating D:\DOS\IKA\WINTER - REBALANCE\REND.IKA-SPRITE
Deallocating D:\DOS\IKA\WINTER - REBALANCE\STRENGTHRUNE.IKA-SPRITE
Deallocating D:\DOS\IKA\WINTER - REBALANCE\SAVEPOINT.IKA-SPRITE
Deallocating D:\DOS\IKA\WINTER - REBALANCE\RAZORMANE.IKA-SPRITE
Deallocating D:\DOS\IKA\WINTER - REBALANCE\PROTAGONIST.IKA-SPRITE
Deallocating D:\DOS\IKA\WINTER - REBALANCE\CARNIVORE.IKA-SPRITE
Deallocating D:\DOS\IKA\WINTER - REBALANCE\KID1.IKA-SPRITE
Deallocating D:\DOS\IKA\WINTER - REBALANCE\DRAGONPUP.IKA-SPRITE
