Warning: Version of D:\DOS\ika\winter - rebalance\maps\map32.ika-map is 1.0.  Expected 1.2.  You should
         load and resave the map in the editor to update it.
Warning: layer lacking 'type' node.  Assuming it is a tile layer.
Warning: 1.0 map loading will be officially dropped in 0.61
    Actually, they may still work, but this isn't guaranteed!
    To convert the map to the current version, load and re-save
    it in ikaMap
Warning: layer lacking 'type' node.  Assuming it is a tile layer.
Warning: layer lacking 'type' node.  Assuming it is a tile layer.
Warning: layer lacking 'type' node.  Assuming it is a tile layer.
Warning: Version of D:\DOS\ika\winter - rebalance\maps\map30.ika-map is 1.0.  Expected 1.2.  You should
         load and resave the map in the editor to update it.
Warning: layer lacking 'type' node.  Assuming it is a tile layer.
Warning: layer lacking 'type' node.  Assuming it is a tile layer.
Warning: layer lacking 'type' node.  Assuming it is a tile layer.
LoadCHR("savepoint.ika-sprite"): LoadCHR: savepoint.ika-sprite does not exist.
CCHRfile: LoadCHR: savepoint.ika-sprite does not exist.
Warning: Version of D:\DOS\ika\winter - rebalance\maps\map25.ika-map is 1.0.  Expected 1.2.  You should
         load and resave the map in the editor to update it.
Warning: layer lacking 'type' node.  Assuming it is a tile layer.
Warning: layer lacking 'type' node.  Assuming it is a tile layer.
Warning: layer lacking 'type' node.  Assuming it is a tile layer.
LoadCHR("gorilla.ika-sprite"): LoadCHR: gorilla.ika-sprite does not exist.
CCHRfile: LoadCHR: gorilla.ika-sprite does not exist.
LoadCHR("devourer.ika-sprite"): LoadCHR: devourer.ika-sprite does not exist.
CCHRfile: LoadCHR: devourer.ika-sprite does not exist.
LoadCHR("hellhound.ika-sprite"): LoadCHR: hellhound.ika-sprite does not exist.
CCHRfile: LoadCHR: hellhound.ika-sprite does not exist.
Warning: Version of D:\DOS\ika\winter - rebalance\maps\map23.ika-map is 1.0.  Expected 1.2.  You should
         load and resave the map in the editor to update it.
Warning: layer lacking 'type' node.  Assuming it is a tile layer.
Warning: layer lacking 'type' node.  Assuming it is a tile layer.
Warning: layer lacking 'type' node.  Assuming it is a tile layer.
LoadCHR("vgap.ika-sprite"): LoadCHR: vgap.ika-sprite does not exist.
CCHRfile: LoadCHR: vgap.ika-sprite does not exist.
LoadCHR("boulder.ika-sprite"): LoadCHR: boulder.ika-sprite does not exist.
CCHRfile: LoadCHR: boulder.ika-sprite does not exist.
LoadCHR("dragonpup.ika-sprite"): LoadCHR: dragonpup.ika-sprite does not exist.
CCHRfile: LoadCHR: dragonpup.ika-sprite does not exist.
LoadCHR("carnivore.ika-sprite"): LoadCHR: carnivore.ika-sprite does not exist.
CCHRfile: LoadCHR: carnivore.ika-sprite does not exist.
